<?xml version="1.0" encoding="UTF-8"?>
<!-- Generated by org.testng.reporters.JUnitReportReporter -->
<testsuite hostname="DESKTOP-9SH3D7B" failures="0" tests="1" name="Demo.trial" time="0.013" errors="0" timestamp="2022-11-01T17:50:02 IST" skipped="0">
  <testcase classname="Demo.trial" name="method1" time="0.013"/>
  <system-out/>
</testsuite> <!-- Demo.trial -->
